eaasy_stock/android/app/build/intermediates/manifest_merge_blame_file/release/manifest-merger-blame-release-report.txt
1<?xml version="1.0" encoding="utf-8"?>
2<manifest xmlns:android="http://schemas.android.com/apk/res/android"
3    package="kael.eaasy_stock.app.eaasy_stock"
4    android:versionCode="1"
5    android:versionName="1.0.0" >
6
7    <uses-sdk
8        android:minSdkVersion="21"
9        android:targetSdkVersion="34" />
10
11    <uses-permission android:name="android.permission.READ_EXTERNAL_STORAGE" />
11-->src/main/AndroidManifest.xml:3:5-79
11-->src/main/AndroidManifest.xml:3:22-77
12    <uses-permission android:name="android.permission.WRITE_EXTERNAL_STORAGE" />
12-->src/main/AndroidManifest.xml:4:5-80
12-->src/main/AndroidManifest.xml:4:22-78
13    <!--
14         Required to query activities that can process text, see:
15         https://developer.android.com/training/package-visibility and
16         https://developer.android.com/reference/android/content/Intent#ACTION_PROCESS_TEXT.
17
18         In particular, this is used by the Flutter engine in io.flutter.plugin.text.ProcessTextPlugin.
19    -->
20    <queries>
20-->src/main/AndroidManifest.xml:43:5-48:15
21        <intent>
21-->src/main/AndroidManifest.xml:44:9-47:18
22            <action android:name="android.intent.action.PROCESS_TEXT" />
22-->src/main/AndroidManifest.xml:45:13-72
22-->src/main/AndroidManifest.xml:45:21-70
23
24            <data android:mimeType="text/plain" />
24-->src/main/AndroidManifest.xml:46:13-50
24-->src/main/AndroidManifest.xml:46:19-48
25        </intent>
26    </queries>
27
28    <permission
28-->[androidx.core:core:1.13.1] AndroidManifest.xml:22:5-24:47
29        android:name="kael.eaasy_stock.app.eaasy_stock.DYNAMIC_RECEIVER_NOT_EXPORTED_PERMISSION"
29-->[androidx.core:core:1.13.1] AndroidManifest.xml:23:9-81
30        android:protectionLevel="signature" />
30-->[androidx.core:core:1.13.1] AndroidManifest.xml:24:9-44
31
32    <uses-permission android:name="kael.eaasy_stock.app.eaasy_stock.DYNAMIC_RECEIVER_NOT_EXPORTED_PERMISSION" />
32-->[androidx.core:core:1.13.1] AndroidManifest.xml:26:5-97
32-->[androidx.core:core:1.13.1] AndroidManifest.xml:26:22-94
33    <uses-permission android:name="android.permission.CAMERA" /> <!-- Don't require camera, as this requires a rear camera. This allows it to work on the Nexus 7 -->
33-->[com.journeyapps:zxing-android-embedded:4.3.0] AndroidManifest.xml:22:5-65
33-->[com.journeyapps:zxing-android-embedded:4.3.0] AndroidManifest.xml:22:22-62
34    <uses-feature
34-->[com.journeyapps:zxing-android-embedded:4.3.0] AndroidManifest.xml:25:5-27:36
35        android:name="android.hardware.camera"
35-->[com.journeyapps:zxing-android-embedded:4.3.0] AndroidManifest.xml:26:9-47
36        android:required="false" />
36-->[com.journeyapps:zxing-android-embedded:4.3.0] AndroidManifest.xml:27:9-33
37    <uses-feature
37-->[com.journeyapps:zxing-android-embedded:4.3.0] AndroidManifest.xml:28:5-30:36
38        android:name="android.hardware.camera.front"
38-->[com.journeyapps:zxing-android-embedded:4.3.0] AndroidManifest.xml:29:9-53
39        android:required="false" /> <!-- TODO replace above two with next line after Android 4.2 -->
39-->[com.journeyapps:zxing-android-embedded:4.3.0] AndroidManifest.xml:30:9-33
40    <!-- <uses-feature android:name="android.hardware.camera.any"/> -->
41    <uses-feature
41-->[com.journeyapps:zxing-android-embedded:4.3.0] AndroidManifest.xml:33:5-35:36
42        android:name="android.hardware.camera.autofocus"
42-->[com.journeyapps:zxing-android-embedded:4.3.0] AndroidManifest.xml:34:9-57
43        android:required="false" />
43-->[com.journeyapps:zxing-android-embedded:4.3.0] AndroidManifest.xml:35:9-33
44    <uses-feature
44-->[com.journeyapps:zxing-android-embedded:4.3.0] AndroidManifest.xml:36:5-38:36
45        android:name="android.hardware.camera.flash"
45-->[com.journeyapps:zxing-android-embedded:4.3.0] AndroidManifest.xml:37:9-53
46        android:required="false" />
46-->[com.journeyapps:zxing-android-embedded:4.3.0] AndroidManifest.xml:38:9-33
47    <uses-feature
47-->[com.journeyapps:zxing-android-embedded:4.3.0] AndroidManifest.xml:39:5-41:36
48        android:name="android.hardware.screen.landscape"
48-->[com.journeyapps:zxing-android-embedded:4.3.0] AndroidManifest.xml:40:9-57
49        android:required="false" />
49-->[com.journeyapps:zxing-android-embedded:4.3.0] AndroidManifest.xml:41:9-33
50    <uses-feature
50-->[com.journeyapps:zxing-android-embedded:4.3.0] AndroidManifest.xml:42:5-44:36
51        android:name="android.hardware.wifi"
51-->[com.journeyapps:zxing-android-embedded:4.3.0] AndroidManifest.xml:43:9-45
52        android:required="false" />
52-->[com.journeyapps:zxing-android-embedded:4.3.0] AndroidManifest.xml:44:9-33
53
54    <application
55        android:name="android.app.Application"
55-->src/main/AndroidManifest.xml:8:9-42
56        android:appComponentFactory="androidx.core.app.CoreComponentFactory"
56-->[androidx.core:core:1.13.1] AndroidManifest.xml:28:18-86
57        android:extractNativeLibs="true"
58        android:icon="@mipmap/ic_launcher"
58-->src/main/AndroidManifest.xml:9:9-43
59        android:label="eaasy_stock" >
59-->src/main/AndroidManifest.xml:7:9-36
60        <activity
60-->src/main/AndroidManifest.xml:10:9-31:20
61            android:name="kael.eaasy_stock.app.eaasy_stock.MainActivity"
61-->src/main/AndroidManifest.xml:11:13-41
62            android:configChanges="orientation|keyboardHidden|keyboard|screenSize|smallestScreenSize|locale|layoutDirection|fontScale|screenLayout|density|uiMode"
62-->src/main/AndroidManifest.xml:16:13-163
63            android:exported="true"
63-->src/main/AndroidManifest.xml:12:13-36
64            android:hardwareAccelerated="true"
64-->src/main/AndroidManifest.xml:17:13-47
65            android:launchMode="singleTop"
65-->src/main/AndroidManifest.xml:13:13-43
66            android:taskAffinity=""
66-->src/main/AndroidManifest.xml:14:13-36
67            android:theme="@style/LaunchTheme"
67-->src/main/AndroidManifest.xml:15:13-47
68            android:windowSoftInputMode="adjustResize" >
68-->src/main/AndroidManifest.xml:18:13-55
69
70            <!--
71                 Specifies an Android theme to apply to this Activity as soon as
72                 the Android process has started. This theme is visible to the user
73                 while the Flutter UI initializes. After that, this theme continues
74                 to determine the Window background behind the Flutter UI.
75            -->
76            <meta-data
76-->src/main/AndroidManifest.xml:23:13-26:17
77                android:name="io.flutter.embedding.android.NormalTheme"
77-->src/main/AndroidManifest.xml:24:15-70
78                android:resource="@style/NormalTheme" />
78-->src/main/AndroidManifest.xml:25:15-52
79
80            <intent-filter>
80-->src/main/AndroidManifest.xml:27:13-30:29
81                <action android:name="android.intent.action.MAIN" />
81-->src/main/AndroidManifest.xml:28:17-68
81-->src/main/AndroidManifest.xml:28:25-66
82
83                <category android:name="android.intent.category.LAUNCHER" />
83-->src/main/AndroidManifest.xml:29:17-76
83-->src/main/AndroidManifest.xml:29:27-74
84            </intent-filter>
85        </activity>
86        <!--
87             Don't delete the meta-data below.
88             This is used by the Flutter tool to generate GeneratedPluginRegistrant.java
89        -->
90        <meta-data
90-->src/main/AndroidManifest.xml:34:9-36:33
91            android:name="flutterEmbedding"
91-->src/main/AndroidManifest.xml:35:13-44
92            android:value="2" />
92-->src/main/AndroidManifest.xml:36:13-30
93        <!--
94           Declares a provider which allows us to store files to share in
95           '.../caches/share_plus' and grant the receiving action access
96        -->
97        <provider
97-->[:share_plus] AndroidManifest.xml:13:9-21:20
98            android:name="dev.fluttercommunity.plus.share.ShareFileProvider"
98-->[:share_plus] AndroidManifest.xml:14:13-77
99            android:authorities="kael.eaasy_stock.app.eaasy_stock.flutter.share_provider"
99-->[:share_plus] AndroidManifest.xml:15:13-74
100            android:exported="false"
100-->[:share_plus] AndroidManifest.xml:16:13-37
101            android:grantUriPermissions="true" >
101-->[:share_plus] AndroidManifest.xml:17:13-47
102            <meta-data
102-->[:share_plus] AndroidManifest.xml:18:13-20:68
103                android:name="android.support.FILE_PROVIDER_PATHS"
103-->[:share_plus] AndroidManifest.xml:19:17-67
104                android:resource="@xml/flutter_share_file_paths" />
104-->[:share_plus] AndroidManifest.xml:20:17-65
105        </provider>
106        <!--
107           This manifest declared broadcast receiver allows us to use an explicit
108           Intent when creating a PendingItent to be informed of the user's choice
109        -->
110        <receiver
110-->[:share_plus] AndroidManifest.xml:26:9-32:20
111            android:name="dev.fluttercommunity.plus.share.SharePlusPendingIntent"
111-->[:share_plus] AndroidManifest.xml:27:13-82
112            android:exported="false" >
112-->[:share_plus] AndroidManifest.xml:28:13-37
113            <intent-filter>
113-->[:share_plus] AndroidManifest.xml:29:13-31:29
114                <action android:name="EXTRA_CHOSEN_COMPONENT" />
114-->[:share_plus] AndroidManifest.xml:30:17-65
114-->[:share_plus] AndroidManifest.xml:30:25-62
115            </intent-filter>
116        </receiver>
117
118        <uses-library
118-->[androidx.window:window:1.2.0] AndroidManifest.xml:23:9-25:40
119            android:name="androidx.window.extensions"
119-->[androidx.window:window:1.2.0] AndroidManifest.xml:24:13-54
120            android:required="false" />
120-->[androidx.window:window:1.2.0] AndroidManifest.xml:25:13-37
121        <uses-library
121-->[androidx.window:window:1.2.0] AndroidManifest.xml:26:9-28:40
122            android:name="androidx.window.sidecar"
122-->[androidx.window:window:1.2.0] AndroidManifest.xml:27:13-51
123            android:required="false" />
123-->[androidx.window:window:1.2.0] AndroidManifest.xml:28:13-37
124
125        <provider
125-->[androidx.emoji2:emoji2:1.0.0] AndroidManifest.xml:26:9-34:20
126            android:name="androidx.startup.InitializationProvider"
126-->[androidx.emoji2:emoji2:1.0.0] AndroidManifest.xml:27:13-67
127            android:authorities="kael.eaasy_stock.app.eaasy_stock.androidx-startup"
127-->[androidx.emoji2:emoji2:1.0.0] AndroidManifest.xml:28:13-68
128            android:exported="false" >
128-->[androidx.emoji2:emoji2:1.0.0] AndroidManifest.xml:29:13-37
129            <meta-data
129-->[androidx.emoji2:emoji2:1.0.0] AndroidManifest.xml:31:13-33:52
130                android:name="androidx.emoji2.text.EmojiCompatInitializer"
130-->[androidx.emoji2:emoji2:1.0.0] AndroidManifest.xml:32:17-75
131                android:value="androidx.startup" />
131-->[androidx.emoji2:emoji2:1.0.0] AndroidManifest.xml:33:17-49
132            <meta-data
132-->[androidx.lifecycle:lifecycle-process:2.7.0] AndroidManifest.xml:29:13-31:52
133                android:name="androidx.lifecycle.ProcessLifecycleInitializer"
133-->[androidx.lifecycle:lifecycle-process:2.7.0] AndroidManifest.xml:30:17-78
134                android:value="androidx.startup" />
134-->[androidx.lifecycle:lifecycle-process:2.7.0] AndroidManifest.xml:31:17-49
135            <meta-data
135-->[androidx.profileinstaller:profileinstaller:1.3.1] AndroidManifest.xml:29:13-31:52
136                android:name="androidx.profileinstaller.ProfileInstallerInitializer"
136-->[androidx.profileinstaller:profileinstaller:1.3.1] AndroidManifest.xml:30:17-85
137                android:value="androidx.startup" />
137-->[androidx.profileinstaller:profileinstaller:1.3.1] AndroidManifest.xml:31:17-49
138        </provider>
139
140        <receiver
140-->[androidx.profileinstaller:profileinstaller:1.3.1] AndroidManifest.xml:34:9-52:20
141            android:name="androidx.profileinstaller.ProfileInstallReceiver"
141-->[androidx.profileinstaller:profileinstaller:1.3.1] AndroidManifest.xml:35:13-76
142            android:directBootAware="false"
142-->[androidx.profileinstaller:profileinstaller:1.3.1] AndroidManifest.xml:36:13-44
143            android:enabled="true"
143-->[androidx.profileinstaller:profileinstaller:1.3.1] AndroidManifest.xml:37:13-35
144            android:exported="true"
144-->[androidx.profileinstaller:profileinstaller:1.3.1] AndroidManifest.xml:38:13-36
145            android:permission="android.permission.DUMP" >
145-->[androidx.profileinstaller:profileinstaller:1.3.1] AndroidManifest.xml:39:13-57
146            <intent-filter>
146-->[androidx.profileinstaller:profileinstaller:1.3.1] AndroidManifest.xml:40:13-42:29
147                <action android:name="androidx.profileinstaller.action.INSTALL_PROFILE" />
147-->[androidx.profileinstaller:profileinstaller:1.3.1] AndroidManifest.xml:41:17-91
147-->[androidx.profileinstaller:profileinstaller:1.3.1] AndroidManifest.xml:41:25-88
148            </intent-filter>
149            <intent-filter>
149-->[androidx.profileinstaller:profileinstaller:1.3.1] AndroidManifest.xml:43:13-45:29
150                <action android:name="androidx.profileinstaller.action.SKIP_FILE" />
150-->[androidx.profileinstaller:profileinstaller:1.3.1] AndroidManifest.xml:44:17-85
150-->[androidx.profileinstaller:profileinstaller:1.3.1] AndroidManifest.xml:44:25-82
151            </intent-filter>
152            <intent-filter>
152-->[androidx.profileinstaller:profileinstaller:1.3.1] AndroidManifest.xml:46:13-48:29
153                <action android:name="androidx.profileinstaller.action.SAVE_PROFILE" />
153-->[androidx.profileinstaller:profileinstaller:1.3.1] AndroidManifest.xml:47:17-88
153-->[androidx.profileinstaller:profileinstaller:1.3.1] AndroidManifest.xml:47:25-85
154            </intent-filter>
155            <intent-filter>
155-->[androidx.profileinstaller:profileinstaller:1.3.1] AndroidManifest.xml:49:13-51:29
156                <action android:name="androidx.profileinstaller.action.BENCHMARK_OPERATION" />
156-->[androidx.profileinstaller:profileinstaller:1.3.1] AndroidManifest.xml:50:17-95
156-->[androidx.profileinstaller:profileinstaller:1.3.1] AndroidManifest.xml:50:25-92
157            </intent-filter>
158        </receiver>
159
160        <activity
160-->[com.journeyapps:zxing-android-embedded:4.3.0] AndroidManifest.xml:47:9-53:63
161            android:name="com.journeyapps.barcodescanner.CaptureActivity"
161-->[com.journeyapps:zxing-android-embedded:4.3.0] AndroidManifest.xml:48:13-74
162            android:clearTaskOnLaunch="true"
162-->[com.journeyapps:zxing-android-embedded:4.3.0] AndroidManifest.xml:49:13-45
163            android:screenOrientation="sensorLandscape"
163-->[com.journeyapps:zxing-android-embedded:4.3.0] AndroidManifest.xml:50:13-56
164            android:stateNotNeeded="true"
164-->[com.journeyapps:zxing-android-embedded:4.3.0] AndroidManifest.xml:51:13-42
165            android:theme="@style/zxing_CaptureTheme"
165-->[com.journeyapps:zxing-android-embedded:4.3.0] AndroidManifest.xml:52:13-54
166            android:windowSoftInputMode="stateAlwaysHidden" />
166-->[com.journeyapps:zxing-android-embedded:4.3.0] AndroidManifest.xml:53:13-60
167    </application>
168
169</manifest>